2018-08-07 09:17:31.745  INFO 24844 --- [main] c.c.r.ReporthelperApplication            : Starting ReporthelperApplication on W100062 with PID 24844 (C:\Workspace\reporthelper\bin\main started by cu0100 in C:\Workspace\reporthelper)
2018-08-07 09:17:31.754  INFO 24844 --- [main] c.c.r.ReporthelperApplication            : The following profiles are active: dev
2018-08-07 09:17:31.788  INFO 24844 --- [main] ConfigServletWebServerApplicationContext : Refreshing org.springframework.boot.web.servlet.context.AnnotationConfigServletWebServerApplicationContext@43599640: startup date [Tue Aug 07 09:17:31 EEST 2018]; root of context hierarchy
2018-08-07 09:17:32.607  INFO 24844 --- [main] trationDelegate$BeanPostProcessorChecker : Bean 'org.springframework.transaction.annotation.ProxyTransactionManagementConfiguration' of type [org.springframework.transaction.annotation.ProxyTransactionManagementConfiguration$$EnhancerBySpringCGLIB$$be99575] is not eligible for getting processed by all BeanPostProcessors (for example: not eligible for auto-proxying)
2018-08-07 09:17:32.944  INFO 24844 --- [main] o.s.b.w.embedded.tomcat.TomcatWebServer  : Tomcat initialized with port(s): 8080 (http)
2018-08-07 09:17:32.963  INFO 24844 --- [main] o.apache.catalina.core.StandardService   : Starting service [Tomcat]
2018-08-07 09:17:32.964  INFO 24844 --- [main] org.apache.catalina.core.StandardEngine  : Starting Servlet Engine: Apache Tomcat/8.5.32
2018-08-07 09:17:32.968  INFO 24844 --- [localhost-startStop-1] o.a.catalina.core.AprLifecycleListener   : The APR based Apache Tomcat Native library which allows optimal performance in production environments was not found on the java.library.path: [C:\Apps\java\jdk1.8.0_181\bin;C:\WINDOWS\Sun\Java\bin;C:\WINDOWS\system32;C:\WINDOWS;C:/Apps/java/jdk1.8.0_181/jre/bin/server;C:/Apps/java/jdk1.8.0_181/jre/bin;C:/Apps/java/jdk1.8.0_181/jre/lib/amd64;C:\Program Files (x86)\Intel\iCLS Client\;C:\Program Files\Intel\iCLS Client\;C:\WINDOWS\system32;C:\WINDOWS;C:\WINDOWS\System32\Wbem;C:\WINDOWS\System32\WindowsPowerShell\v1.0\;C:\Program Files (x86)\Intel\Intel(R) Management Engine Components\DAL;C:\Program Files\Intel\Intel(R) Management Engine Components\DAL;C:\Program Files (x86)\Intel\Intel(R) Management Engine Components\IPT;C:\Program Files\Intel\Intel(R) Management Engine Components\IPT;C:\WINDOWS\System32\OpenSSH\;C:\Program Files\PostgreSQL\9.6\bin\;C:\PostgreSQL\pg96\bin;C:\Program Files\Tableau\Tableau 2018.1\bin\;C:\Users\cu0100\AppData\Local\Microsoft\WindowsApps;C:\Users\cu0100\AppData\Roaming\Dashlane\6.0.2.11187\bin\Firefox_Extension\{442718d9-475e-452a-b3e1-fb1ee16b8e9f}\components;C:\Users\cu0100\AppData\Roaming\Dashlane\6.0.2.11187\ucrt;C:\Users\cu0100\AppData\Roaming\Dashlane\6.0.2.11187\bin\Qt;C:\Users\cu0100\AppData\Roaming\Dashlane\6.0.2.11187\ucrt;C:\Users\cu0100\AppData\Roaming\Dashlane\6.0.2.11187\bin\Ssl;C:\Apps\java\jdk1.8.0_181\jre\bin;C:\Gradle\gradle-4.9\bin;;C:\Apps\eclipse;;.]
2018-08-07 09:17:33.067  INFO 24844 --- [localhost-startStop-1] o.a.c.c.C.[Tomcat].[localhost].[/]       : Initializing Spring embedded WebApplicationContext
2018-08-07 09:17:33.068  INFO 24844 --- [localhost-startStop-1] o.s.web.context.ContextLoader            : Root WebApplicationContext: initialization completed in 1280 ms
2018-08-07 09:17:33.156  INFO 24844 --- [localhost-startStop-1] o.s.b.w.servlet.ServletRegistrationBean  : Servlet dispatcherServlet mapped to [/]
2018-08-07 09:17:33.159  INFO 24844 --- [localhost-startStop-1] o.s.b.w.servlet.FilterRegistrationBean   : Mapping filter: 'characterEncodingFilter' to: [/*]
2018-08-07 09:17:33.160  INFO 24844 --- [localhost-startStop-1] o.s.b.w.servlet.FilterRegistrationBean   : Mapping filter: 'hiddenHttpMethodFilter' to: [/*]
2018-08-07 09:17:33.161  INFO 24844 --- [localhost-startStop-1] o.s.b.w.servlet.FilterRegistrationBean   : Mapping filter: 'httpPutFormContentFilter' to: [/*]
2018-08-07 09:17:33.161  INFO 24844 --- [localhost-startStop-1] o.s.b.w.servlet.FilterRegistrationBean   : Mapping filter: 'requestContextFilter' to: [/*]
2018-08-07 09:17:33.293  INFO 24844 --- [main] com.zaxxer.hikari.HikariDataSource       : HikariPool-1 - Starting...
2018-08-07 09:17:33.371  INFO 24844 --- [main] com.zaxxer.hikari.HikariDataSource       : HikariPool-1 - Start completed.
2018-08-07 09:17:33.415  INFO 24844 --- [main] j.LocalContainerEntityManagerFactoryBean : Building JPA container EntityManagerFactory for persistence unit 'default'
2018-08-07 09:17:33.427  INFO 24844 --- [main] o.hibernate.jpa.internal.util.LogHelper  : HHH000204: Processing PersistenceUnitInfo [
	name: default
	...]
2018-08-07 09:17:33.491  INFO 24844 --- [main] org.hibernate.Version                    : HHH000412: Hibernate Core {5.2.17.Final}
2018-08-07 09:17:33.492  INFO 24844 --- [main] org.hibernate.cfg.Environment            : HHH000206: hibernate.properties not found
2018-08-07 09:17:33.534  INFO 24844 --- [main] o.hibernate.annotations.common.Version   : HCANN000001: Hibernate Commons Annotations {5.0.1.Final}
2018-08-07 09:17:33.714  INFO 24844 --- [main] org.hibernate.dialect.Dialect            : HHH000400: Using dialect: org.hibernate.dialect.PostgreSQL95Dialect
2018-08-07 09:17:33.729  INFO 24844 --- [main] o.h.e.j.e.i.LobCreatorBuilderImpl        : HHH000422: Disabling contextual LOB creation as connection was null
2018-08-07 09:17:33.731  INFO 24844 --- [main] org.hibernate.type.BasicTypeRegistry     : HHH000270: Type registration [java.util.UUID] overrides previous : org.hibernate.type.UUIDBinaryType@53c99b09
2018-08-07 09:17:33.870  INFO 24844 --- [main] j.LocalContainerEntityManagerFactoryBean : Initialized JPA EntityManagerFactory for persistence unit 'default'
2018-08-07 09:17:34.246  INFO 24844 --- [main] o.s.w.s.handler.SimpleUrlHandlerMapping  : Mapped URL path [/**/favicon.ico] onto handler of type [class org.springframework.web.servlet.resource.ResourceHttpRequestHandler]
2018-08-07 09:17:34.386  INFO 24844 --- [main] s.w.s.m.m.a.RequestMappingHandlerAdapter : Looking for @ControllerAdvice: org.springframework.boot.web.servlet.context.AnnotationConfigServletWebServerApplicationContext@43599640: startup date [Tue Aug 07 09:17:31 EEST 2018]; root of context hierarchy
2018-08-07 09:17:34.410  WARN 24844 --- [main] aWebConfiguration$JpaWebMvcConfiguration : spring.jpa.open-in-view is enabled by default. Therefore, database queries may be performed during view rendering. Explicitly configure spring.jpa.open-in-view to disable this warning
2018-08-07 09:17:34.448  INFO 24844 --- [main] s.w.s.m.m.a.RequestMappingHandlerMapping : Mapped "{[/error]}" onto public org.springframework.http.ResponseEntity<java.util.Map<java.lang.String, java.lang.Object>> org.springframework.boot.autoconfigure.web.servlet.error.BasicErrorController.error(javax.servlet.http.HttpServletRequest)
2018-08-07 09:17:34.450  INFO 24844 --- [main] s.w.s.m.m.a.RequestMappingHandlerMapping : Mapped "{[/error],produces=[text/html]}" onto public org.springframework.web.servlet.ModelAndView org.springframework.boot.autoconfigure.web.servlet.error.BasicErrorController.errorHtml(javax.servlet.http.HttpServletRequest,javax.servlet.http.HttpServletResponse)
2018-08-07 09:17:34.482  INFO 24844 --- [main] o.s.w.s.handler.SimpleUrlHandlerMapping  : Mapped URL path [/webjars/**] onto handler of type [class org.springframework.web.servlet.resource.ResourceHttpRequestHandler]
2018-08-07 09:17:34.482  INFO 24844 --- [main] o.s.w.s.handler.SimpleUrlHandlerMapping  : Mapped URL path [/**] onto handler of type [class org.springframework.web.servlet.resource.ResourceHttpRequestHandler]
2018-08-07 09:17:34.779  INFO 24844 --- [main] o.s.j.e.a.AnnotationMBeanExporter        : Registering beans for JMX exposure on startup
2018-08-07 09:17:34.780  INFO 24844 --- [main] o.s.j.e.a.AnnotationMBeanExporter        : Bean with name 'dataSource' has been autodetected for JMX exposure
2018-08-07 09:17:34.784  INFO 24844 --- [main] o.s.j.e.a.AnnotationMBeanExporter        : Located MBean 'dataSource': registering with JMX server as MBean [com.zaxxer.hikari:name=dataSource,type=HikariDataSource]
2018-08-07 09:17:34.843  INFO 24844 --- [main] o.s.b.w.embedded.tomcat.TomcatWebServer  : Tomcat started on port(s): 8080 (http) with context path ''
2018-08-07 09:17:34.847  INFO 24844 --- [main] c.c.r.ReporthelperApplication            : Started ReporthelperApplication in 3.44 seconds (JVM running for 4.211)
2018-08-07 09:20:11.995  INFO 17792 --- [main] c.c.r.ReporthelperApplication            : Starting ReporthelperApplication on W100062 with PID 17792 (C:\Workspace\reporthelper\bin\main started by cu0100 in C:\Workspace\reporthelper)
2018-08-07 09:20:11.998  INFO 17792 --- [main] c.c.r.ReporthelperApplication            : The following profiles are active: dev
2018-08-07 09:20:12.030  INFO 17792 --- [main] ConfigServletWebServerApplicationContext : Refreshing org.springframework.boot.web.servlet.context.AnnotationConfigServletWebServerApplicationContext@4b40f651: startup date [Tue Aug 07 09:20:12 EEST 2018]; root of context hierarchy
2018-08-07 09:20:12.888  INFO 17792 --- [main] trationDelegate$BeanPostProcessorChecker : Bean 'org.springframework.transaction.annotation.ProxyTransactionManagementConfiguration' of type [org.springframework.transaction.annotation.ProxyTransactionManagementConfiguration$$EnhancerBySpringCGLIB$$641514e0] is not eligible for getting processed by all BeanPostProcessors (for example: not eligible for auto-proxying)
2018-08-07 09:20:13.228  INFO 17792 --- [main] o.s.b.w.embedded.tomcat.TomcatWebServer  : Tomcat initialized with port(s): 8080 (http)
2018-08-07 09:20:13.246  INFO 17792 --- [main] o.apache.catalina.core.StandardService   : Starting service [Tomcat]
2018-08-07 09:20:13.247  INFO 17792 --- [main] org.apache.catalina.core.StandardEngine  : Starting Servlet Engine: Apache Tomcat/8.5.32
2018-08-07 09:20:13.251  INFO 17792 --- [localhost-startStop-1] o.a.catalina.core.AprLifecycleListener   : The APR based Apache Tomcat Native library which allows optimal performance in production environments was not found on the java.library.path: [C:\Apps\java\jdk1.8.0_181\bin;C:\WINDOWS\Sun\Java\bin;C:\WINDOWS\system32;C:\WINDOWS;C:/Apps/java/jdk1.8.0_181/jre/bin/server;C:/Apps/java/jdk1.8.0_181/jre/bin;C:/Apps/java/jdk1.8.0_181/jre/lib/amd64;C:\Program Files (x86)\Intel\iCLS Client\;C:\Program Files\Intel\iCLS Client\;C:\WINDOWS\system32;C:\WINDOWS;C:\WINDOWS\System32\Wbem;C:\WINDOWS\System32\WindowsPowerShell\v1.0\;C:\Program Files (x86)\Intel\Intel(R) Management Engine Components\DAL;C:\Program Files\Intel\Intel(R) Management Engine Components\DAL;C:\Program Files (x86)\Intel\Intel(R) Management Engine Components\IPT;C:\Program Files\Intel\Intel(R) Management Engine Components\IPT;C:\WINDOWS\System32\OpenSSH\;C:\Program Files\PostgreSQL\9.6\bin\;C:\PostgreSQL\pg96\bin;C:\Program Files\Tableau\Tableau 2018.1\bin\;C:\Users\cu0100\AppData\Local\Microsoft\WindowsApps;C:\Users\cu0100\AppData\Roaming\Dashlane\6.0.2.11187\bin\Firefox_Extension\{442718d9-475e-452a-b3e1-fb1ee16b8e9f}\components;C:\Users\cu0100\AppData\Roaming\Dashlane\6.0.2.11187\ucrt;C:\Users\cu0100\AppData\Roaming\Dashlane\6.0.2.11187\bin\Qt;C:\Users\cu0100\AppData\Roaming\Dashlane\6.0.2.11187\ucrt;C:\Users\cu0100\AppData\Roaming\Dashlane\6.0.2.11187\bin\Ssl;C:\Apps\java\jdk1.8.0_181\jre\bin;C:\Gradle\gradle-4.9\bin;;C:\Apps\eclipse;;.]
2018-08-07 09:20:13.339  INFO 17792 --- [localhost-startStop-1] o.a.c.c.C.[Tomcat].[localhost].[/]       : Initializing Spring embedded WebApplicationContext
2018-08-07 09:20:13.339  INFO 17792 --- [localhost-startStop-1] o.s.web.context.ContextLoader            : Root WebApplicationContext: initialization completed in 1309 ms
2018-08-07 09:20:13.414  INFO 17792 --- [localhost-startStop-1] o.s.b.w.servlet.ServletRegistrationBean  : Servlet dispatcherServlet mapped to [/]
2018-08-07 09:20:13.417  INFO 17792 --- [localhost-startStop-1] o.s.b.w.servlet.FilterRegistrationBean   : Mapping filter: 'characterEncodingFilter' to: [/*]
2018-08-07 09:20:13.419  INFO 17792 --- [localhost-startStop-1] o.s.b.w.servlet.FilterRegistrationBean   : Mapping filter: 'hiddenHttpMethodFilter' to: [/*]
2018-08-07 09:20:13.419  INFO 17792 --- [localhost-startStop-1] o.s.b.w.servlet.FilterRegistrationBean   : Mapping filter: 'httpPutFormContentFilter' to: [/*]
2018-08-07 09:20:13.419  INFO 17792 --- [localhost-startStop-1] o.s.b.w.servlet.FilterRegistrationBean   : Mapping filter: 'requestContextFilter' to: [/*]
2018-08-07 09:20:13.558  INFO 17792 --- [main] com.zaxxer.hikari.HikariDataSource       : HikariPool-1 - Starting...
2018-08-07 09:20:13.641  INFO 17792 --- [main] com.zaxxer.hikari.HikariDataSource       : HikariPool-1 - Start completed.
2018-08-07 09:20:13.689  INFO 17792 --- [main] j.LocalContainerEntityManagerFactoryBean : Building JPA container EntityManagerFactory for persistence unit 'default'
2018-08-07 09:20:13.701  INFO 17792 --- [main] o.hibernate.jpa.internal.util.LogHelper  : HHH000204: Processing PersistenceUnitInfo [
	name: default
	...]
2018-08-07 09:20:13.788  INFO 17792 --- [main] org.hibernate.Version                    : HHH000412: Hibernate Core {5.2.17.Final}
2018-08-07 09:20:13.791  INFO 17792 --- [main] org.hibernate.cfg.Environment            : HHH000206: hibernate.properties not found
2018-08-07 09:20:13.834  INFO 17792 --- [main] o.hibernate.annotations.common.Version   : HCANN000001: Hibernate Commons Annotations {5.0.1.Final}
2018-08-07 09:20:13.997  INFO 17792 --- [main] org.hibernate.dialect.Dialect            : HHH000400: Using dialect: org.hibernate.dialect.PostgreSQL95Dialect
2018-08-07 09:20:14.012  INFO 17792 --- [main] o.h.e.j.e.i.LobCreatorBuilderImpl        : HHH000422: Disabling contextual LOB creation as connection was null
2018-08-07 09:20:14.014  INFO 17792 --- [main] org.hibernate.type.BasicTypeRegistry     : HHH000270: Type registration [java.util.UUID] overrides previous : org.hibernate.type.UUIDBinaryType@43ac0a68
2018-08-07 09:20:14.148  INFO 17792 --- [main] j.LocalContainerEntityManagerFactoryBean : Initialized JPA EntityManagerFactory for persistence unit 'default'
2018-08-07 09:20:14.503  INFO 17792 --- [main] o.s.w.s.handler.SimpleUrlHandlerMapping  : Mapped URL path [/**/favicon.ico] onto handler of type [class org.springframework.web.servlet.resource.ResourceHttpRequestHandler]
2018-08-07 09:20:14.639  INFO 17792 --- [main] s.w.s.m.m.a.RequestMappingHandlerAdapter : Looking for @ControllerAdvice: org.springframework.boot.web.servlet.context.AnnotationConfigServletWebServerApplicationContext@4b40f651: startup date [Tue Aug 07 09:20:12 EEST 2018]; root of context hierarchy
2018-08-07 09:20:14.665  WARN 17792 --- [main] aWebConfiguration$JpaWebMvcConfiguration : spring.jpa.open-in-view is enabled by default. Therefore, database queries may be performed during view rendering. Explicitly configure spring.jpa.open-in-view to disable this warning
2018-08-07 09:20:14.701  INFO 17792 --- [main] s.w.s.m.m.a.RequestMappingHandlerMapping : Mapped "{[/error]}" onto public org.springframework.http.ResponseEntity<java.util.Map<java.lang.String, java.lang.Object>> org.springframework.boot.autoconfigure.web.servlet.error.BasicErrorController.error(javax.servlet.http.HttpServletRequest)
2018-08-07 09:20:14.702  INFO 17792 --- [main] s.w.s.m.m.a.RequestMappingHandlerMapping : Mapped "{[/error],produces=[text/html]}" onto public org.springframework.web.servlet.ModelAndView org.springframework.boot.autoconfigure.web.servlet.error.BasicErrorController.errorHtml(javax.servlet.http.HttpServletRequest,javax.servlet.http.HttpServletResponse)
2018-08-07 09:20:14.732  INFO 17792 --- [main] o.s.w.s.handler.SimpleUrlHandlerMapping  : Mapped URL path [/webjars/**] onto handler of type [class org.springframework.web.servlet.resource.ResourceHttpRequestHandler]
2018-08-07 09:20:14.734  INFO 17792 --- [main] o.s.w.s.handler.SimpleUrlHandlerMapping  : Mapped URL path [/**] onto handler of type [class org.springframework.web.servlet.resource.ResourceHttpRequestHandler]
2018-08-07 09:20:15.017  INFO 17792 --- [main] o.s.j.e.a.AnnotationMBeanExporter        : Registering beans for JMX exposure on startup
2018-08-07 09:20:15.018  INFO 17792 --- [main] o.s.j.e.a.AnnotationMBeanExporter        : Bean with name 'dataSource' has been autodetected for JMX exposure
2018-08-07 09:20:15.023  INFO 17792 --- [main] o.s.j.e.a.AnnotationMBeanExporter        : Located MBean 'dataSource': registering with JMX server as MBean [com.zaxxer.hikari:name=dataSource,type=HikariDataSource]
2018-08-07 09:20:15.084  INFO 17792 --- [main] o.s.b.w.embedded.tomcat.TomcatWebServer  : Tomcat started on port(s): 8080 (http) with context path ''
2018-08-07 09:20:15.088  INFO 17792 --- [main] c.c.r.ReporthelperApplication            : Started ReporthelperApplication in 3.386 seconds (JVM running for 4.037)
2018-08-07 09:22:09.328 ERROR 17792 --- [pool-1-thread-1] c.c.r.job.JobReverseGeocoding            : JobReverseGeocoding run - failed to query findWithoutAddress 

java.util.MissingFormatArgumentException: Format specifier '%s'
	at java.util.Formatter.format(Formatter.java:2519) ~[na:1.8.0_181]
	at java.util.Formatter.format(Formatter.java:2455) ~[na:1.8.0_181]
	at java.lang.String.format(String.java:2940) ~[na:1.8.0_181]
	at com.cujo.reporthelper.job.JobReverseGeocoding.run(JobReverseGeocoding.java:39) ~[main/:na]
	at sun.reflect.NativeMethodAccessorImpl.invoke0(Native Method) ~[na:1.8.0_181]
	at sun.reflect.NativeMethodAccessorImpl.invoke(NativeMethodAccessorImpl.java:62) ~[na:1.8.0_181]
	at sun.reflect.DelegatingMethodAccessorImpl.invoke(DelegatingMethodAccessorImpl.java:43) ~[na:1.8.0_181]
	at java.lang.reflect.Method.invoke(Method.java:498) ~[na:1.8.0_181]
	at org.springframework.scheduling.support.ScheduledMethodRunnable.run(ScheduledMethodRunnable.java:84) [spring-context-5.0.8.RELEASE.jar:5.0.8.RELEASE]
	at org.springframework.scheduling.support.DelegatingErrorHandlingRunnable.run(DelegatingErrorHandlingRunnable.java:54) [spring-context-5.0.8.RELEASE.jar:5.0.8.RELEASE]
	at org.springframework.scheduling.concurrent.ReschedulingRunnable.run(ReschedulingRunnable.java:93) [spring-context-5.0.8.RELEASE.jar:5.0.8.RELEASE]
	at java.util.concurrent.Executors$RunnableAdapter.call(Executors.java:511) [na:1.8.0_181]
	at java.util.concurrent.FutureTask.run(FutureTask.java:266) [na:1.8.0_181]
	at java.util.concurrent.ScheduledThreadPoolExecutor$ScheduledFutureTask.access$201(ScheduledThreadPoolExecutor.java:180) [na:1.8.0_181]
	at java.util.concurrent.ScheduledThreadPoolExecutor$ScheduledFutureTask.run(ScheduledThreadPoolExecutor.java:293) [na:1.8.0_181]
	at java.util.concurrent.ThreadPoolExecutor.runWorker(ThreadPoolExecutor.java:1149) [na:1.8.0_181]
	at java.util.concurrent.ThreadPoolExecutor$Worker.run(ThreadPoolExecutor.java:624) [na:1.8.0_181]
	at java.lang.Thread.run(Thread.java:748) [na:1.8.0_181]

2018-08-07 09:27:33.185  INFO 22604 --- [main] c.c.r.ReporthelperApplication            : Starting ReporthelperApplication on W100062 with PID 22604 (C:\Workspace\reporthelper\bin\main started by cu0100 in C:\Workspace\reporthelper)
2018-08-07 09:27:33.189  INFO 22604 --- [main] c.c.r.ReporthelperApplication            : The following profiles are active: dev
2018-08-07 09:27:33.223  INFO 22604 --- [main] ConfigServletWebServerApplicationContext : Refreshing org.springframework.boot.web.servlet.context.AnnotationConfigServletWebServerApplicationContext@7a1234bf: startup date [Tue Aug 07 09:27:33 EEST 2018]; root of context hierarchy
2018-08-07 09:27:34.046  INFO 22604 --- [main] trationDelegate$BeanPostProcessorChecker : Bean 'org.springframework.transaction.annotation.ProxyTransactionManagementConfiguration' of type [org.springframework.transaction.annotation.ProxyTransactionManagementConfiguration$$EnhancerBySpringCGLIB$$6c160edf] is not eligible for getting processed by all BeanPostProcessors (for example: not eligible for auto-proxying)
2018-08-07 09:27:34.383  INFO 22604 --- [main] o.s.b.w.embedded.tomcat.TomcatWebServer  : Tomcat initialized with port(s): 8080 (http)
2018-08-07 09:27:34.402  INFO 22604 --- [main] o.apache.catalina.core.StandardService   : Starting service [Tomcat]
2018-08-07 09:27:34.402  INFO 22604 --- [main] org.apache.catalina.core.StandardEngine  : Starting Servlet Engine: Apache Tomcat/8.5.32
2018-08-07 09:27:34.406  INFO 22604 --- [localhost-startStop-1] o.a.catalina.core.AprLifecycleListener   : The APR based Apache Tomcat Native library which allows optimal performance in production environments was not found on the java.library.path: [C:\Apps\java\jdk1.8.0_181\bin;C:\WINDOWS\Sun\Java\bin;C:\WINDOWS\system32;C:\WINDOWS;C:/Apps/java/jdk1.8.0_181/jre/bin/server;C:/Apps/java/jdk1.8.0_181/jre/bin;C:/Apps/java/jdk1.8.0_181/jre/lib/amd64;C:\Program Files (x86)\Intel\iCLS Client\;C:\Program Files\Intel\iCLS Client\;C:\WINDOWS\system32;C:\WINDOWS;C:\WINDOWS\System32\Wbem;C:\WINDOWS\System32\WindowsPowerShell\v1.0\;C:\Program Files (x86)\Intel\Intel(R) Management Engine Components\DAL;C:\Program Files\Intel\Intel(R) Management Engine Components\DAL;C:\Program Files (x86)\Intel\Intel(R) Management Engine Components\IPT;C:\Program Files\Intel\Intel(R) Management Engine Components\IPT;C:\WINDOWS\System32\OpenSSH\;C:\Program Files\PostgreSQL\9.6\bin\;C:\PostgreSQL\pg96\bin;C:\Program Files\Tableau\Tableau 2018.1\bin\;C:\Users\cu0100\AppData\Local\Microsoft\WindowsApps;C:\Users\cu0100\AppData\Roaming\Dashlane\6.0.2.11187\bin\Firefox_Extension\{442718d9-475e-452a-b3e1-fb1ee16b8e9f}\components;C:\Users\cu0100\AppData\Roaming\Dashlane\6.0.2.11187\ucrt;C:\Users\cu0100\AppData\Roaming\Dashlane\6.0.2.11187\bin\Qt;C:\Users\cu0100\AppData\Roaming\Dashlane\6.0.2.11187\ucrt;C:\Users\cu0100\AppData\Roaming\Dashlane\6.0.2.11187\bin\Ssl;C:\Apps\java\jdk1.8.0_181\jre\bin;C:\Gradle\gradle-4.9\bin;;C:\Apps\eclipse;;.]
2018-08-07 09:27:34.497  INFO 22604 --- [localhost-startStop-1] o.a.c.c.C.[Tomcat].[localhost].[/]       : Initializing Spring embedded WebApplicationContext
2018-08-07 09:27:34.497  INFO 22604 --- [localhost-startStop-1] o.s.web.context.ContextLoader            : Root WebApplicationContext: initialization completed in 1274 ms
2018-08-07 09:27:34.573  INFO 22604 --- [localhost-startStop-1] o.s.b.w.servlet.ServletRegistrationBean  : Servlet dispatcherServlet mapped to [/]
2018-08-07 09:27:34.577  INFO 22604 --- [localhost-startStop-1] o.s.b.w.servlet.FilterRegistrationBean   : Mapping filter: 'characterEncodingFilter' to: [/*]
2018-08-07 09:27:34.578  INFO 22604 --- [localhost-startStop-1] o.s.b.w.servlet.FilterRegistrationBean   : Mapping filter: 'hiddenHttpMethodFilter' to: [/*]
2018-08-07 09:27:34.578  INFO 22604 --- [localhost-startStop-1] o.s.b.w.servlet.FilterRegistrationBean   : Mapping filter: 'httpPutFormContentFilter' to: [/*]
2018-08-07 09:27:34.578  INFO 22604 --- [localhost-startStop-1] o.s.b.w.servlet.FilterRegistrationBean   : Mapping filter: 'requestContextFilter' to: [/*]
2018-08-07 09:27:34.709  INFO 22604 --- [main] com.zaxxer.hikari.HikariDataSource       : HikariPool-1 - Starting...
2018-08-07 09:27:34.797  INFO 22604 --- [main] com.zaxxer.hikari.HikariDataSource       : HikariPool-1 - Start completed.
2018-08-07 09:27:34.842  INFO 22604 --- [main] j.LocalContainerEntityManagerFactoryBean : Building JPA container EntityManagerFactory for persistence unit 'default'
2018-08-07 09:27:34.852  INFO 22604 --- [main] o.hibernate.jpa.internal.util.LogHelper  : HHH000204: Processing PersistenceUnitInfo [
	name: default
	...]
2018-08-07 09:27:34.919  INFO 22604 --- [main] org.hibernate.Version                    : HHH000412: Hibernate Core {5.2.17.Final}
2018-08-07 09:27:34.921  INFO 22604 --- [main] org.hibernate.cfg.Environment            : HHH000206: hibernate.properties not found
2018-08-07 09:27:34.960  INFO 22604 --- [main] o.hibernate.annotations.common.Version   : HCANN000001: Hibernate Commons Annotations {5.0.1.Final}
2018-08-07 09:27:35.145  INFO 22604 --- [main] org.hibernate.dialect.Dialect            : HHH000400: Using dialect: org.hibernate.dialect.PostgreSQL95Dialect
2018-08-07 09:27:35.162  INFO 22604 --- [main] o.h.e.j.e.i.LobCreatorBuilderImpl        : HHH000422: Disabling contextual LOB creation as connection was null
2018-08-07 09:27:35.164  INFO 22604 --- [main] org.hibernate.type.BasicTypeRegistry     : HHH000270: Type registration [java.util.UUID] overrides previous : org.hibernate.type.UUIDBinaryType@6411504a
2018-08-07 09:27:35.301  INFO 22604 --- [main] j.LocalContainerEntityManagerFactoryBean : Initialized JPA EntityManagerFactory for persistence unit 'default'
2018-08-07 09:27:35.662  INFO 22604 --- [main] o.s.w.s.handler.SimpleUrlHandlerMapping  : Mapped URL path [/**/favicon.ico] onto handler of type [class org.springframework.web.servlet.resource.ResourceHttpRequestHandler]
2018-08-07 09:27:35.796  INFO 22604 --- [main] s.w.s.m.m.a.RequestMappingHandlerAdapter : Looking for @ControllerAdvice: org.springframework.boot.web.servlet.context.AnnotationConfigServletWebServerApplicationContext@7a1234bf: startup date [Tue Aug 07 09:27:33 EEST 2018]; root of context hierarchy
2018-08-07 09:27:35.822  WARN 22604 --- [main] aWebConfiguration$JpaWebMvcConfiguration : spring.jpa.open-in-view is enabled by default. Therefore, database queries may be performed during view rendering. Explicitly configure spring.jpa.open-in-view to disable this warning
2018-08-07 09:27:35.859  INFO 22604 --- [main] s.w.s.m.m.a.RequestMappingHandlerMapping : Mapped "{[/error]}" onto public org.springframework.http.ResponseEntity<java.util.Map<java.lang.String, java.lang.Object>> org.springframework.boot.autoconfigure.web.servlet.error.BasicErrorController.error(javax.servlet.http.HttpServletRequest)
2018-08-07 09:27:35.861  INFO 22604 --- [main] s.w.s.m.m.a.RequestMappingHandlerMapping : Mapped "{[/error],produces=[text/html]}" onto public org.springframework.web.servlet.ModelAndView org.springframework.boot.autoconfigure.web.servlet.error.BasicErrorController.errorHtml(javax.servlet.http.HttpServletRequest,javax.servlet.http.HttpServletResponse)
2018-08-07 09:27:35.890  INFO 22604 --- [main] o.s.w.s.handler.SimpleUrlHandlerMapping  : Mapped URL path [/webjars/**] onto handler of type [class org.springframework.web.servlet.resource.ResourceHttpRequestHandler]
2018-08-07 09:27:35.891  INFO 22604 --- [main] o.s.w.s.handler.SimpleUrlHandlerMapping  : Mapped URL path [/**] onto handler of type [class org.springframework.web.servlet.resource.ResourceHttpRequestHandler]
2018-08-07 09:27:36.185  INFO 22604 --- [main] o.s.j.e.a.AnnotationMBeanExporter        : Registering beans for JMX exposure on startup
2018-08-07 09:27:36.187  INFO 22604 --- [main] o.s.j.e.a.AnnotationMBeanExporter        : Bean with name 'dataSource' has been autodetected for JMX exposure
2018-08-07 09:27:36.191  INFO 22604 --- [main] o.s.j.e.a.AnnotationMBeanExporter        : Located MBean 'dataSource': registering with JMX server as MBean [com.zaxxer.hikari:name=dataSource,type=HikariDataSource]
2018-08-07 09:27:36.259  INFO 22604 --- [main] o.s.b.w.embedded.tomcat.TomcatWebServer  : Tomcat started on port(s): 8080 (http) with context path ''
2018-08-07 09:27:36.262  INFO 22604 --- [main] c.c.r.ReporthelperApplication            : Started ReporthelperApplication in 3.387 seconds (JVM running for 4.0)
2018-08-07 09:27:55.202  INFO 17936 --- [main] c.c.r.ReporthelperApplication            : Starting ReporthelperApplication on W100062 with PID 17936 (C:\Workspace\reporthelper\bin\main started by cu0100 in C:\Workspace\reporthelper)
2018-08-07 09:27:55.205  INFO 17936 --- [main] c.c.r.ReporthelperApplication            : The following profiles are active: dev
2018-08-07 09:27:55.237  INFO 17936 --- [main] ConfigServletWebServerApplicationContext : Refreshing org.springframework.boot.web.servlet.context.AnnotationConfigServletWebServerApplicationContext@5d99c6b5: startup date [Tue Aug 07 09:27:55 EEST 2018]; root of context hierarchy
2018-08-07 09:27:56.040  INFO 17936 --- [main] trationDelegate$BeanPostProcessorChecker : Bean 'org.springframework.transaction.annotation.ProxyTransactionManagementConfiguration' of type [org.springframework.transaction.annotation.ProxyTransactionManagementConfiguration$$EnhancerBySpringCGLIB$$1a99c6f4] is not eligible for getting processed by all BeanPostProcessors (for example: not eligible for auto-proxying)
2018-08-07 09:27:56.373  INFO 17936 --- [main] o.s.b.w.embedded.tomcat.TomcatWebServer  : Tomcat initialized with port(s): 8080 (http)
2018-08-07 09:27:56.390  INFO 17936 --- [main] o.apache.catalina.core.StandardService   : Starting service [Tomcat]
2018-08-07 09:27:56.390  INFO 17936 --- [main] org.apache.catalina.core.StandardEngine  : Starting Servlet Engine: Apache Tomcat/8.5.32
2018-08-07 09:27:56.395  INFO 17936 --- [localhost-startStop-1] o.a.catalina.core.AprLifecycleListener   : The APR based Apache Tomcat Native library which allows optimal performance in production environments was not found on the java.library.path: [C:\Apps\java\jdk1.8.0_181\bin;C:\WINDOWS\Sun\Java\bin;C:\WINDOWS\system32;C:\WINDOWS;C:/Apps/java/jdk1.8.0_181/jre/bin/server;C:/Apps/java/jdk1.8.0_181/jre/bin;C:/Apps/java/jdk1.8.0_181/jre/lib/amd64;C:\Program Files (x86)\Intel\iCLS Client\;C:\Program Files\Intel\iCLS Client\;C:\WINDOWS\system32;C:\WINDOWS;C:\WINDOWS\System32\Wbem;C:\WINDOWS\System32\WindowsPowerShell\v1.0\;C:\Program Files (x86)\Intel\Intel(R) Management Engine Components\DAL;C:\Program Files\Intel\Intel(R) Management Engine Components\DAL;C:\Program Files (x86)\Intel\Intel(R) Management Engine Components\IPT;C:\Program Files\Intel\Intel(R) Management Engine Components\IPT;C:\WINDOWS\System32\OpenSSH\;C:\Program Files\PostgreSQL\9.6\bin\;C:\PostgreSQL\pg96\bin;C:\Program Files\Tableau\Tableau 2018.1\bin\;C:\Users\cu0100\AppData\Local\Microsoft\WindowsApps;C:\Users\cu0100\AppData\Roaming\Dashlane\6.0.2.11187\bin\Firefox_Extension\{442718d9-475e-452a-b3e1-fb1ee16b8e9f}\components;C:\Users\cu0100\AppData\Roaming\Dashlane\6.0.2.11187\ucrt;C:\Users\cu0100\AppData\Roaming\Dashlane\6.0.2.11187\bin\Qt;C:\Users\cu0100\AppData\Roaming\Dashlane\6.0.2.11187\ucrt;C:\Users\cu0100\AppData\Roaming\Dashlane\6.0.2.11187\bin\Ssl;C:\Apps\java\jdk1.8.0_181\jre\bin;C:\Gradle\gradle-4.9\bin;;C:\Apps\eclipse;;.]
2018-08-07 09:27:56.487  INFO 17936 --- [localhost-startStop-1] o.a.c.c.C.[Tomcat].[localhost].[/]       : Initializing Spring embedded WebApplicationContext
2018-08-07 09:27:56.487  INFO 17936 --- [localhost-startStop-1] o.s.web.context.ContextLoader            : Root WebApplicationContext: initialization completed in 1250 ms
2018-08-07 09:27:56.566  INFO 17936 --- [localhost-startStop-1] o.s.b.w.servlet.ServletRegistrationBean  : Servlet dispatcherServlet mapped to [/]
2018-08-07 09:27:56.570  INFO 17936 --- [localhost-startStop-1] o.s.b.w.servlet.FilterRegistrationBean   : Mapping filter: 'characterEncodingFilter' to: [/*]
2018-08-07 09:27:56.571  INFO 17936 --- [localhost-startStop-1] o.s.b.w.servlet.FilterRegistrationBean   : Mapping filter: 'hiddenHttpMethodFilter' to: [/*]
2018-08-07 09:27:56.571  INFO 17936 --- [localhost-startStop-1] o.s.b.w.servlet.FilterRegistrationBean   : Mapping filter: 'httpPutFormContentFilter' to: [/*]
2018-08-07 09:27:56.571  INFO 17936 --- [localhost-startStop-1] o.s.b.w.servlet.FilterRegistrationBean   : Mapping filter: 'requestContextFilter' to: [/*]
2018-08-07 09:27:56.701  INFO 17936 --- [main] com.zaxxer.hikari.HikariDataSource       : HikariPool-1 - Starting...
2018-08-07 09:27:56.779  INFO 17936 --- [main] com.zaxxer.hikari.HikariDataSource       : HikariPool-1 - Start completed.
2018-08-07 09:27:56.823  INFO 17936 --- [main] j.LocalContainerEntityManagerFactoryBean : Building JPA container EntityManagerFactory for persistence unit 'default'
2018-08-07 09:27:56.834  INFO 17936 --- [main] o.hibernate.jpa.internal.util.LogHelper  : HHH000204: Processing PersistenceUnitInfo [
	name: default
	...]
2018-08-07 09:27:56.898  INFO 17936 --- [main] org.hibernate.Version                    : HHH000412: Hibernate Core {5.2.17.Final}
2018-08-07 09:27:56.901  INFO 17936 --- [main] org.hibernate.cfg.Environment            : HHH000206: hibernate.properties not found
2018-08-07 09:27:56.938  INFO 17936 --- [main] o.hibernate.annotations.common.Version   : HCANN000001: Hibernate Commons Annotations {5.0.1.Final}
2018-08-07 09:27:57.111  INFO 17936 --- [main] org.hibernate.dialect.Dialect            : HHH000400: Using dialect: org.hibernate.dialect.PostgreSQL95Dialect
2018-08-07 09:27:57.128  INFO 17936 --- [main] o.h.e.j.e.i.LobCreatorBuilderImpl        : HHH000422: Disabling contextual LOB creation as connection was null
2018-08-07 09:27:57.130  INFO 17936 --- [main] org.hibernate.type.BasicTypeRegistry     : HHH000270: Type registration [java.util.UUID] overrides previous : org.hibernate.type.UUIDBinaryType@6cd15072
2018-08-07 09:27:57.269  INFO 17936 --- [main] j.LocalContainerEntityManagerFactoryBean : Initialized JPA EntityManagerFactory for persistence unit 'default'
2018-08-07 09:27:57.631  INFO 17936 --- [main] o.s.w.s.handler.SimpleUrlHandlerMapping  : Mapped URL path [/**/favicon.ico] onto handler of type [class org.springframework.web.servlet.resource.ResourceHttpRequestHandler]
2018-08-07 09:27:57.772  INFO 17936 --- [main] s.w.s.m.m.a.RequestMappingHandlerAdapter : Looking for @ControllerAdvice: org.springframework.boot.web.servlet.context.AnnotationConfigServletWebServerApplicationContext@5d99c6b5: startup date [Tue Aug 07 09:27:55 EEST 2018]; root of context hierarchy
2018-08-07 09:27:57.797  WARN 17936 --- [main] aWebConfiguration$JpaWebMvcConfiguration : spring.jpa.open-in-view is enabled by default. Therefore, database queries may be performed during view rendering. Explicitly configure spring.jpa.open-in-view to disable this warning
2018-08-07 09:27:57.834  INFO 17936 --- [main] s.w.s.m.m.a.RequestMappingHandlerMapping : Mapped "{[/error]}" onto public org.springframework.http.ResponseEntity<java.util.Map<java.lang.String, java.lang.Object>> org.springframework.boot.autoconfigure.web.servlet.error.BasicErrorController.error(javax.servlet.http.HttpServletRequest)
2018-08-07 09:27:57.835  INFO 17936 --- [main] s.w.s.m.m.a.RequestMappingHandlerMapping : Mapped "{[/error],produces=[text/html]}" onto public org.springframework.web.servlet.ModelAndView org.springframework.boot.autoconfigure.web.servlet.error.BasicErrorController.errorHtml(javax.servlet.http.HttpServletRequest,javax.servlet.http.HttpServletResponse)
2018-08-07 09:27:57.867  INFO 17936 --- [main] o.s.w.s.handler.SimpleUrlHandlerMapping  : Mapped URL path [/webjars/**] onto handler of type [class org.springframework.web.servlet.resource.ResourceHttpRequestHandler]
2018-08-07 09:27:57.868  INFO 17936 --- [main] o.s.w.s.handler.SimpleUrlHandlerMapping  : Mapped URL path [/**] onto handler of type [class org.springframework.web.servlet.resource.ResourceHttpRequestHandler]
2018-08-07 09:27:58.158  INFO 17936 --- [main] o.s.j.e.a.AnnotationMBeanExporter        : Registering beans for JMX exposure on startup
2018-08-07 09:27:58.159  INFO 17936 --- [main] o.s.j.e.a.AnnotationMBeanExporter        : Bean with name 'dataSource' has been autodetected for JMX exposure
2018-08-07 09:27:58.166  INFO 17936 --- [main] o.s.j.e.a.AnnotationMBeanExporter        : Located MBean 'dataSource': registering with JMX server as MBean [com.zaxxer.hikari:name=dataSource,type=HikariDataSource]
2018-08-07 09:27:58.226  INFO 17936 --- [main] o.s.b.w.embedded.tomcat.TomcatWebServer  : Tomcat started on port(s): 8080 (http) with context path ''
2018-08-07 09:27:58.231  INFO 17936 --- [main] c.c.r.ReporthelperApplication            : Started ReporthelperApplication in 3.317 seconds (JVM running for 3.963)
2018-08-07 09:28:02.023  INFO 17936 --- [pool-1-thread-1] c.c.r.job.JobReverseGeocoding            : Started with: 0 records
